This is pdfTeX, Version 3.1415926-2.3-1.40.12 (MiKTeX 2.9) (preloaded format=pdflatex 2012.8.17)  26 SEP 2012 16:51
entering extended mode
**//iastate.edu/cyfiles/stanfill/Desktop/GitHub/CoDARotations/Stanfill_CoDA.tex

(//iastate.edu/cyfiles/stanfill/Desktop/GitHub/CoDARotations/Stanfill_CoDA.tex
LaTeX2e <2011/06/27>
Babel <v3.8m> and hyphenation patterns for english, afrikaans, ancientgreek, ar
abic, armenian, assamese, basque, bengali, bokmal, bulgarian, catalan, coptic, 
croatian, czech, danish, dutch, esperanto, estonian, farsi, finnish, french, ga
lician, german, german-x-2009-06-19, greek, gujarati, hindi, hungarian, iceland
ic, indonesian, interlingua, irish, italian, kannada, kurmanji, lao, latin, lat
vian, lithuanian, malayalam, marathi, mongolian, mongolianlmc, monogreek, ngerm
an, ngerman-x-2009-06-19, nynorsk, oriya, panjabi, pinyin, polish, portuguese, 
romanian, russian, sanskrit, serbian, slovak, slovenian, spanish, swedish, swis
sgerman, tamil, telugu, turkish, turkmen, ukenglish, ukrainian, uppersorbian, u
senglishmax, welsh, loaded.
("C:\Program Files\MiKTeX 2.9\tex\latex\base\article.cls"
Document Class: article 2007/10/19 v1.4h Standard LaTeX document class
("C:\Program Files\MiKTeX 2.9\tex\latex\base\size12.clo"
File: size12.clo 2007/10/19 v1.4h Standard LaTeX file (size option)
)
\c@part=\count79
\c@section=\count80
\c@subsection=\count81
\c@subsubsection=\count82
\c@paragraph=\count83
\c@subparagraph=\count84
\c@figure=\count85
\c@table=\count86
\abovecaptionskip=\skip41
\belowcaptionskip=\skip42
\bibindent=\dimen102
)
(\\iastate.edu\cyfiles\stanfill\.AppData\MiKTeX\2.9\tex\latex\psfrag\psfrag.sty
Package: psfrag 1998/04/11 v3.04 PSfrag (MCG)
("C:\Program Files\MiKTeX 2.9\tex\latex\graphics\graphics.sty"
Package: graphics 2009/02/05 v1.0o Standard LaTeX Graphics (DPC,SPQR)

("C:\Program Files\MiKTeX 2.9\tex\latex\graphics\trig.sty"
Package: trig 1999/03/16 v1.09 sin cos tan (DPC)
)
("C:\Program Files\MiKTeX 2.9\tex\latex\00miktex\graphics.cfg"
File: graphics.cfg 2007/01/18 v1.5 graphics configuration of teTeX/TeXLive
)
Package graphics Info: Driver file: pdftex.def on input line 91.

("C:\Program Files\MiKTeX 2.9\tex\latex\pdftex-def\pdftex.def"
File: pdftex.def 2011/05/27 v0.06d Graphics/color for pdfTeX

("C:\Program Files\MiKTeX 2.9\tex\generic\oberdiek\infwarerr.sty"
Package: infwarerr 2010/04/08 v1.3 Providing info/warning/message (HO)
)
("C:\Program Files\MiKTeX 2.9\tex\generic\oberdiek\ltxcmds.sty"
Package: ltxcmds 2011/04/18 v1.20 LaTeX kernel commands for general use (HO)
)
\Gread@gobject=\count87
))
\pfg@pcount=\count88
\pfg@scount=\count89
\pfg@temp=\write3
)
(\\iastate.edu\cyfiles\stanfill\.AppData\MiKTeX\2.9\tex\latex\epsf\epsf.sty
This is `epsf.tex' v2.7.4 <14 February 2011>
\epsffilein=\read1
\epsfframemargin=\dimen103
\epsfframethickness=\dimen104
\epsfrsize=\dimen105
\epsftmp=\dimen106
\epsftsize=\dimen107
\epsfxsize=\dimen108
\epsfysize=\dimen109
\pspoints=\dimen110
) ("C:\Program Files\MiKTeX 2.9\tex\latex\tools\enumerate.sty"
Package: enumerate 1999/03/05 v3.00 enumerate extensions (DPC)
\@enLab=\toks14
)
("C:\Program Files\MiKTeX 2.9\tex\latex\graphics\color.sty"
Package: color 2005/11/14 v1.0j Standard LaTeX Color (DPC)

("C:\Program Files\MiKTeX 2.9\tex\latex\00miktex\color.cfg"
File: color.cfg 2007/01/18 v1.5 color configuration of teTeX/TeXLive
)
Package color Info: Driver file: pdftex.def on input line 130.
)
("C:\Program Files\MiKTeX 2.9\tex\latex\amsfonts\amssymb.sty"
Package: amssymb 2009/06/22 v3.00

("C:\Program Files\MiKTeX 2.9\tex\latex\amsfonts\amsfonts.sty"
Package: amsfonts 2009/06/22 v3.00 Basic AMSFonts support
\@emptytoks=\toks15
\symAMSa=\mathgroup4
\symAMSb=\mathgroup5
LaTeX Font Info:    Overwriting math alphabet `\mathfrak' in version `bold'
(Font)                  U/euf/m/n --> U/euf/b/n on input line 96.
))
("C:\Program Files\MiKTeX 2.9\tex\latex\ams\math\amsmath.sty"
Package: amsmath 2000/07/18 v2.13 AMS math features
\@mathmargin=\skip43

For additional information on amsmath, use the `?' option.
("C:\Program Files\MiKTeX 2.9\tex\latex\ams\math\amstext.sty"
Package: amstext 2000/06/29 v2.01

("C:\Program Files\MiKTeX 2.9\tex\latex\ams\math\amsgen.sty"
File: amsgen.sty 1999/11/30 v2.0
\@emptytoks=\toks16
\ex@=\dimen111
))
("C:\Program Files\MiKTeX 2.9\tex\latex\ams\math\amsbsy.sty"
Package: amsbsy 1999/11/29 v1.2d
\pmbraise@=\dimen112
)
("C:\Program Files\MiKTeX 2.9\tex\latex\ams\math\amsopn.sty"
Package: amsopn 1999/12/14 v2.01 operator names
)
\inf@bad=\count90
LaTeX Info: Redefining \frac on input line 211.
\uproot@=\count91
\leftroot@=\count92
LaTeX Info: Redefining \overline on input line 307.
\classnum@=\count93
\DOTSCASE@=\count94
LaTeX Info: Redefining \ldots on input line 379.
LaTeX Info: Redefining \dots on input line 382.
LaTeX Info: Redefining \cdots on input line 467.
\Mathstrutbox@=\box26
\strutbox@=\box27
\big@size=\dimen113
LaTeX Font Info:    Redeclaring font encoding OML on input line 567.
LaTeX Font Info:    Redeclaring font encoding OMS on input line 568.
\macc@depth=\count95
\c@MaxMatrixCols=\count96
\dotsspace@=\muskip10
\c@parentequation=\count97
\dspbrk@lvl=\count98
\tag@help=\toks17
\row@=\count99
\column@=\count100
\maxfields@=\count101
\andhelp@=\toks18
\eqnshift@=\dimen114
\alignsep@=\dimen115
\tagshift@=\dimen116
\tagwidth@=\dimen117
\totwidth@=\dimen118
\lineht@=\dimen119
\@envbody=\toks19
\multlinegap=\skip44
\multlinetaggap=\skip45
\mathdisplay@stack=\toks20
LaTeX Info: Redefining \[ on input line 2666.
LaTeX Info: Redefining \] on input line 2667.
)
("C:\Program Files\MiKTeX 2.9\tex\latex\tools\bm.sty"
Package: bm 2004/02/26 v1.1c Bold Symbol Support (DPC/FMi)
\symboldoperators=\mathgroup6
\symboldletters=\mathgroup7
\symboldsymbols=\mathgroup8
LaTeX Font Info:    Redeclaring math alphabet \mathbf on input line 138.
LaTeX Info: Redefining \bm on input line 204.
)
("C:\Program Files\MiKTeX 2.9\tex\latex\tools\verbatim.sty"
Package: verbatim 2003/08/22 v1.5q LaTeX2e package for verbatim enhancements
\every@verbatim=\toks21
\verbatim@line=\toks22
\verbatim@in@stream=\read2
)
(\\iastate.edu\cyfiles\stanfill\.AppData\MiKTeX\2.9\tex\latex\rotating\rotating
.sty
Package: rotating 2009/03/28 v2.16a rotated objects in LaTeX
 ("C:\Program Files\MiKTeX 2.9\tex\latex\graphics\graphicx.sty"
Package: graphicx 1999/02/16 v1.0f Enhanced LaTeX Graphics (DPC,SPQR)

("C:\Program Files\MiKTeX 2.9\tex\latex\graphics\keyval.sty"
Package: keyval 1999/03/16 v1.13 key=value parser (DPC)
\KV@toks@=\toks23
)
\Gin@req@height=\dimen120
\Gin@req@width=\dimen121
)
("C:\Program Files\MiKTeX 2.9\tex\latex\base\ifthen.sty"
Package: ifthen 2001/05/26 v1.1c Standard LaTeX ifthen package (DPC)
)
\c@r@tfl@t=\count102
\rotFPtop=\skip46
\rotFPbot=\skip47
\rot@float@box=\box28
\rot@mess@toks=\toks24
)
(\\iastate.edu\cyfiles\stanfill\.AppData\MiKTeX\2.9\tex\latex\subfig\subfig.sty
Package: subfig 2005/06/28 ver: 1.3 subfig package

(\\iastate.edu\cyfiles\stanfill\.AppData\MiKTeX\2.9\tex\latex\caption\caption.s
ty
Package: caption 2011/11/10 v3.2e Customizing captions (AR)

(\\iastate.edu\cyfiles\stanfill\.AppData\MiKTeX\2.9\tex\latex\caption\caption3.
sty
Package: caption3 2011/11/01 v1.4a caption3 kernel (AR)
\captionmargin=\dimen122
\captionmargin@=\dimen123
\captionwidth=\dimen124
\caption@indent=\dimen125
\caption@parindent=\dimen126
\caption@hangindent=\dimen127
)
\c@ContinuedFloat=\count103
Package caption Info: rotating package is loaded.
)
\c@KVtest=\count104
\sf@farskip=\skip48
\sf@captopadj=\dimen128
\sf@capskip=\skip49
\sf@nearskip=\skip50
\c@subfigure=\count105
\c@subfigure@save=\count106
\c@lofdepth=\count107
\c@subtable=\count108
\c@subtable@save=\count109
\c@lotdepth=\count110
\sf@top=\skip51
\sf@bottom=\skip52
)
(\\iastate.edu\cyfiles\stanfill\.AppData\MiKTeX\2.9\tex\latex\setspace\setspace
.sty
Package: setspace 2011/12/19 v6.7a set line spacing
)
(\\iastate.edu\cyfiles\stanfill\.AppData\MiKTeX\2.9\tex\latex\pgf\frontendlayer
\tikz.sty
(\\iastate.edu\cyfiles\stanfill\.AppData\MiKTeX\2.9\tex\latex\pgf\basiclayer\pg
f.sty
(\\iastate.edu\cyfiles\stanfill\.AppData\MiKTeX\2.9\tex\latex\pgf\utilities\pgf
rcs.sty
(\\iastate.edu\cyfiles\stanfill\.AppData\MiKTeX\2.9\tex\generic\pgf\utilities\p
gfutil-common.tex
\pgfutil@everybye=\toks25
)
(\\iastate.edu\cyfiles\stanfill\.AppData\MiKTeX\2.9\tex\generic\pgf\utilities\p
gfutil-latex.def
\pgfutil@abb=\box29

(\\iastate.edu\cyfiles\stanfill\.AppData\MiKTeX\2.9\tex\latex\ms\everyshi.sty
Package: everyshi 2001/05/15 v3.00 EveryShipout Package (MS)
))
(\\iastate.edu\cyfiles\stanfill\.AppData\MiKTeX\2.9\tex\generic\pgf\utilities\p
gfrcs.code.tex
Package: pgfrcs 2010/10/25 v2.10 (rcs-revision 1.24)
))
Package: pgf 2008/01/15 v2.10 (rcs-revision 1.12)

(\\iastate.edu\cyfiles\stanfill\.AppData\MiKTeX\2.9\tex\latex\pgf\basiclayer\pg
fcore.sty
(\\iastate.edu\cyfiles\stanfill\.AppData\MiKTeX\2.9\tex\latex\pgf\systemlayer\p
gfsys.sty
(\\iastate.edu\cyfiles\stanfill\.AppData\MiKTeX\2.9\tex\generic\pgf\systemlayer
\pgfsys.code.tex
Package: pgfsys 2010/06/30 v2.10 (rcs-revision 1.37)

(\\iastate.edu\cyfiles\stanfill\.AppData\MiKTeX\2.9\tex\generic\pgf\utilities\p
gfkeys.code.tex
\pgfkeys@pathtoks=\toks26
\pgfkeys@temptoks=\toks27

(\\iastate.edu\cyfiles\stanfill\.AppData\MiKTeX\2.9\tex\generic\pgf\utilities\p
gfkeysfiltered.code.tex
\pgfkeys@tmptoks=\toks28
))
\pgf@x=\dimen129
\pgf@y=\dimen130
\pgf@xa=\dimen131
\pgf@ya=\dimen132
\pgf@xb=\dimen133
\pgf@yb=\dimen134
\pgf@xc=\dimen135
\pgf@yc=\dimen136
\w@pgf@writea=\write4
\r@pgf@reada=\read3
\c@pgf@counta=\count111
\c@pgf@countb=\count112
\c@pgf@countc=\count113
\c@pgf@countd=\count114

(\\iastate.edu\cyfiles\stanfill\.AppData\MiKTeX\2.9\tex\generic\pgf\systemlayer
\pgf.cfg
File: pgf.cfg 2008/05/14  (rcs-revision 1.7)
)
Package pgfsys Info: Driver file for pgf: pgfsys-pdftex.def on input line 900.

(\\iastate.edu\cyfiles\stanfill\.AppData\MiKTeX\2.9\tex\generic\pgf\systemlayer
\pgfsys-pdftex.def
File: pgfsys-pdftex.def 2009/05/22  (rcs-revision 1.26)

(\\iastate.edu\cyfiles\stanfill\.AppData\MiKTeX\2.9\tex\generic\pgf\systemlayer
\pgfsys-common-pdf.def
File: pgfsys-common-pdf.def 2008/05/19  (rcs-revision 1.10)
)))
(\\iastate.edu\cyfiles\stanfill\.AppData\MiKTeX\2.9\tex\generic\pgf\systemlayer
\pgfsyssoftpath.code.tex
File: pgfsyssoftpath.code.tex 2008/07/18  (rcs-revision 1.7)
\pgfsyssoftpath@smallbuffer@items=\count115
\pgfsyssoftpath@bigbuffer@items=\count116
)
(\\iastate.edu\cyfiles\stanfill\.AppData\MiKTeX\2.9\tex\generic\pgf\systemlayer
\pgfsysprotocol.code.tex
File: pgfsysprotocol.code.tex 2006/10/16  (rcs-revision 1.4)
))
(\\iastate.edu\cyfiles\stanfill\.AppData\MiKTeX\2.9\tex\latex\xcolor\xcolor.sty
Package: xcolor 2007/01/21 v2.11 LaTeX color extensions (UK)
("C:\Program Files\MiKTeX 2.9\tex\latex\00miktex\color.cfg"
File: color.cfg 2007/01/18 v1.5 color configuration of teTeX/TeXLive
)
Package xcolor Info: Driver file: pdftex.def on input line 225.
LaTeX Info: Redefining \color on input line 702.
Package xcolor Info: Model `cmy' substituted by `cmy0' on input line 1337.
Package xcolor Info: Model `hsb' substituted by `rgb' on input line 1341.
Package xcolor Info: Model `RGB' extended on input line 1353.
Package xcolor Info: Model `HTML' substituted by `rgb' on input line 1355.
Package xcolor Info: Model `Hsb' substituted by `hsb' on input line 1356.
Package xcolor Info: Model `tHsb' substituted by `hsb' on input line 1357.
Package xcolor Info: Model `HSB' substituted by `hsb' on input line 1358.
Package xcolor Info: Model `Gray' substituted by `gray' on input line 1359.
Package xcolor Info: Model `wave' substituted by `hsb' on input line 1360.
)
(\\iastate.edu\cyfiles\stanfill\.AppData\MiKTeX\2.9\tex\generic\pgf\basiclayer\
pgfcore.code.tex
Package: pgfcore 2010/04/11 v2.10 (rcs-revision 1.7)

(\\iastate.edu\cyfiles\stanfill\.AppData\MiKTeX\2.9\tex\generic\pgf\math\pgfmat
h.code.tex
(\\iastate.edu\cyfiles\stanfill\.AppData\MiKTeX\2.9\tex\generic\pgf\math\pgfmat
hcalc.code.tex
(\\iastate.edu\cyfiles\stanfill\.AppData\MiKTeX\2.9\tex\generic\pgf\math\pgfmat
hutil.code.tex)
(\\iastate.edu\cyfiles\stanfill\.AppData\MiKTeX\2.9\tex\generic\pgf\math\pgfmat
hparser.code.tex
\pgfmath@dimen=\dimen137
\pgfmath@count=\count117
\pgfmath@box=\box30
\pgfmath@toks=\toks29
\pgfmath@stack@operand=\toks30
\pgfmath@stack@operation=\toks31
)
(\\iastate.edu\cyfiles\stanfill\.AppData\MiKTeX\2.9\tex\generic\pgf\math\pgfmat
hfunctions.code.tex
(\\iastate.edu\cyfiles\stanfill\.AppData\MiKTeX\2.9\tex\generic\pgf\math\pgfmat
hfunctions.basic.code.tex)
(\\iastate.edu\cyfiles\stanfill\.AppData\MiKTeX\2.9\tex\generic\pgf\math\pgfmat
hfunctions.trigonometric.code.tex)
(\\iastate.edu\cyfiles\stanfill\.AppData\MiKTeX\2.9\tex\generic\pgf\math\pgfmat
hfunctions.random.code.tex)
(\\iastate.edu\cyfiles\stanfill\.AppData\MiKTeX\2.9\tex\generic\pgf\math\pgfmat
hfunctions.comparison.code.tex)
(\\iastate.edu\cyfiles\stanfill\.AppData\MiKTeX\2.9\tex\generic\pgf\math\pgfmat
hfunctions.base.code.tex)
(\\iastate.edu\cyfiles\stanfill\.AppData\MiKTeX\2.9\tex\generic\pgf\math\pgfmat
hfunctions.round.code.tex)
(\\iastate.edu\cyfiles\stanfill\.AppData\MiKTeX\2.9\tex\generic\pgf\math\pgfmat
hfunctions.misc.code.tex)))
(\\iastate.edu\cyfiles\stanfill\.AppData\MiKTeX\2.9\tex\generic\pgf\math\pgfmat
hfloat.code.tex
\c@pgfmathroundto@lastzeros=\count118
))
(\\iastate.edu\cyfiles\stanfill\.AppData\MiKTeX\2.9\tex\generic\pgf\basiclayer\
pgfcorepoints.code.tex
File: pgfcorepoints.code.tex 2010/04/09  (rcs-revision 1.20)
\pgf@picminx=\dimen138
\pgf@picmaxx=\dimen139
\pgf@picminy=\dimen140
\pgf@picmaxy=\dimen141
\pgf@pathminx=\dimen142
\pgf@pathmaxx=\dimen143
\pgf@pathminy=\dimen144
\pgf@pathmaxy=\dimen145
\pgf@xx=\dimen146
\pgf@xy=\dimen147
\pgf@yx=\dimen148
\pgf@yy=\dimen149
\pgf@zx=\dimen150
\pgf@zy=\dimen151
)
(\\iastate.edu\cyfiles\stanfill\.AppData\MiKTeX\2.9\tex\generic\pgf\basiclayer\
pgfcorepathconstruct.code.tex
File: pgfcorepathconstruct.code.tex 2010/08/03  (rcs-revision 1.24)
\pgf@path@lastx=\dimen152
\pgf@path@lasty=\dimen153
)
(\\iastate.edu\cyfiles\stanfill\.AppData\MiKTeX\2.9\tex\generic\pgf\basiclayer\
pgfcorepathusage.code.tex
File: pgfcorepathusage.code.tex 2008/04/22  (rcs-revision 1.12)
\pgf@shorten@end@additional=\dimen154
\pgf@shorten@start@additional=\dimen155
)
(\\iastate.edu\cyfiles\stanfill\.AppData\MiKTeX\2.9\tex\generic\pgf\basiclayer\
pgfcorescopes.code.tex
File: pgfcorescopes.code.tex 2010/09/08  (rcs-revision 1.34)
\pgfpic=\box31
\pgf@hbox=\box32
\pgf@layerbox@main=\box33
\pgf@picture@serial@count=\count119
)
(\\iastate.edu\cyfiles\stanfill\.AppData\MiKTeX\2.9\tex\generic\pgf\basiclayer\
pgfcoregraphicstate.code.tex
File: pgfcoregraphicstate.code.tex 2008/04/22  (rcs-revision 1.9)
\pgflinewidth=\dimen156
)
(\\iastate.edu\cyfiles\stanfill\.AppData\MiKTeX\2.9\tex\generic\pgf\basiclayer\
pgfcoretransformations.code.tex
File: pgfcoretransformations.code.tex 2009/06/10  (rcs-revision 1.11)
\pgf@pt@x=\dimen157
\pgf@pt@y=\dimen158
\pgf@pt@temp=\dimen159
)
(\\iastate.edu\cyfiles\stanfill\.AppData\MiKTeX\2.9\tex\generic\pgf\basiclayer\
pgfcorequick.code.tex
File: pgfcorequick.code.tex 2008/10/09  (rcs-revision 1.3)
)
(\\iastate.edu\cyfiles\stanfill\.AppData\MiKTeX\2.9\tex\generic\pgf\basiclayer\
pgfcoreobjects.code.tex
File: pgfcoreobjects.code.tex 2006/10/11  (rcs-revision 1.2)
)
(\\iastate.edu\cyfiles\stanfill\.AppData\MiKTeX\2.9\tex\generic\pgf\basiclayer\
pgfcorepathprocessing.code.tex
File: pgfcorepathprocessing.code.tex 2008/10/09  (rcs-revision 1.8)
)
(\\iastate.edu\cyfiles\stanfill\.AppData\MiKTeX\2.9\tex\generic\pgf\basiclayer\
pgfcorearrows.code.tex
File: pgfcorearrows.code.tex 2008/04/23  (rcs-revision 1.11)
)
(\\iastate.edu\cyfiles\stanfill\.AppData\MiKTeX\2.9\tex\generic\pgf\basiclayer\
pgfcoreshade.code.tex
File: pgfcoreshade.code.tex 2008/11/23  (rcs-revision 1.13)
\pgf@max=\dimen160
\pgf@sys@shading@range@num=\count120
)
(\\iastate.edu\cyfiles\stanfill\.AppData\MiKTeX\2.9\tex\generic\pgf\basiclayer\
pgfcoreimage.code.tex
File: pgfcoreimage.code.tex 2010/03/25  (rcs-revision 1.16)

(\\iastate.edu\cyfiles\stanfill\.AppData\MiKTeX\2.9\tex\generic\pgf\basiclayer\
pgfcoreexternal.code.tex
File: pgfcoreexternal.code.tex 2010/09/01  (rcs-revision 1.17)
\pgfexternal@startupbox=\box34
))
(\\iastate.edu\cyfiles\stanfill\.AppData\MiKTeX\2.9\tex\generic\pgf\basiclayer\
pgfcorelayers.code.tex
File: pgfcorelayers.code.tex 2010/08/27  (rcs-revision 1.2)
)
(\\iastate.edu\cyfiles\stanfill\.AppData\MiKTeX\2.9\tex\generic\pgf\basiclayer\
pgfcoretransparency.code.tex
File: pgfcoretransparency.code.tex 2008/01/17  (rcs-revision 1.2)
)
(\\iastate.edu\cyfiles\stanfill\.AppData\MiKTeX\2.9\tex\generic\pgf\basiclayer\
pgfcorepatterns.code.tex
File: pgfcorepatterns.code.tex 2009/07/02  (rcs-revision 1.3)
)))
(\\iastate.edu\cyfiles\stanfill\.AppData\MiKTeX\2.9\tex\generic\pgf\modules\pgf
moduleshapes.code.tex
File: pgfmoduleshapes.code.tex 2010/09/09  (rcs-revision 1.13)
\pgfnodeparttextbox=\box35
)
(\\iastate.edu\cyfiles\stanfill\.AppData\MiKTeX\2.9\tex\generic\pgf\modules\pgf
moduleplot.code.tex
File: pgfmoduleplot.code.tex 2010/10/22  (rcs-revision 1.8)
)
(\\iastate.edu\cyfiles\stanfill\.AppData\MiKTeX\2.9\tex\latex\pgf\compatibility
\pgfcomp-version-0-65.sty
Package: pgfcomp-version-0-65 2007/07/03 v2.10 (rcs-revision 1.7)
\pgf@nodesepstart=\dimen161
\pgf@nodesepend=\dimen162
)
(\\iastate.edu\cyfiles\stanfill\.AppData\MiKTeX\2.9\tex\latex\pgf\compatibility
\pgfcomp-version-1-18.sty
Package: pgfcomp-version-1-18 2007/07/23 v2.10 (rcs-revision 1.1)
))
(\\iastate.edu\cyfiles\stanfill\.AppData\MiKTeX\2.9\tex\latex\pgf\utilities\pgf
for.sty
(\\iastate.edu\cyfiles\stanfill\.AppData\MiKTeX\2.9\tex\latex\pgf\utilities\pgf
keys.sty
(\\iastate.edu\cyfiles\stanfill\.AppData\MiKTeX\2.9\tex\generic\pgf\utilities\p
gfkeys.code.tex))
(\\iastate.edu\cyfiles\stanfill\.AppData\MiKTeX\2.9\tex\generic\pgf\utilities\p
gffor.code.tex
Package: pgffor 2010/03/23 v2.10 (rcs-revision 1.18)
\pgffor@iter=\dimen163
\pgffor@skip=\dimen164
\pgffor@stack=\toks32
\pgffor@toks=\toks33
))
(\\iastate.edu\cyfiles\stanfill\.AppData\MiKTeX\2.9\tex\generic\pgf\frontendlay
er\tikz\tikz.code.tex
Package: tikz 2010/10/13 v2.10 (rcs-revision 1.76)

(\\iastate.edu\cyfiles\stanfill\.AppData\MiKTeX\2.9\tex\generic\pgf\libraries\p
gflibraryplothandlers.code.tex
File: pgflibraryplothandlers.code.tex 2010/05/31 v2.10 (rcs-revision 1.15)
\pgf@plot@mark@count=\count121
\pgfplotmarksize=\dimen165
)
\tikz@lastx=\dimen166
\tikz@lasty=\dimen167
\tikz@lastxsaved=\dimen168
\tikz@lastysaved=\dimen169
\tikzleveldistance=\dimen170
\tikzsiblingdistance=\dimen171
\tikz@figbox=\box36
\tikz@tempbox=\box37
\tikztreelevel=\count122
\tikznumberofchildren=\count123
\tikznumberofcurrentchild=\count124
\tikz@fig@count=\count125

(\\iastate.edu\cyfiles\stanfill\.AppData\MiKTeX\2.9\tex\generic\pgf\modules\pgf
modulematrix.code.tex
File: pgfmodulematrix.code.tex 2010/08/24  (rcs-revision 1.4)
\pgfmatrixcurrentrow=\count126
\pgfmatrixcurrentcolumn=\count127
\pgf@matrix@numberofcolumns=\count128
)
\tikz@expandcount=\count129

(\\iastate.edu\cyfiles\stanfill\.AppData\MiKTeX\2.9\tex\generic\pgf\frontendlay
er\tikz\libraries\tikzlibrarytopaths.code.tex
File: tikzlibrarytopaths.code.tex 2008/06/17 v2.10 (rcs-revision 1.2)
)))
("C:\Program Files\MiKTeX 2.9\tex\latex\graphics\epsfig.sty"
Package: epsfig 1999/02/16 v1.7a (e)psfig emulation (SPQR)
\epsfxsize=\dimen172
\epsfysize=\dimen173
)
("C:\Program Files\MiKTeX 2.9\tex\latex\multirow\multirow.sty"
\bigstrutjot=\dimen174
)
("C:\Program Files\MiKTeX 2.9\tex\latex\tools\multicol.sty"
Package: multicol 2011/06/27 v1.7a multicolumn formatting (FMi)
\c@tracingmulticols=\count130
\mult@box=\box38
\multicol@leftmargin=\dimen175
\c@unbalance=\count131
\c@collectmore=\count132
\doublecol@number=\count133
\multicoltolerance=\count134
\multicolpretolerance=\count135
\full@width=\dimen176
\page@free=\dimen177
\premulticols=\dimen178
\postmulticols=\dimen179
\multicolsep=\skip53
\multicolbaselineskip=\skip54
\partial@page=\box39
\last@line=\box40
\mult@rightbox=\box41
\mult@grightbox=\box42
\mult@gfirstbox=\box43
\mult@firstbox=\box44
\@tempa=\box45
\@tempa=\box46
\@tempa=\box47
\@tempa=\box48
\@tempa=\box49
\@tempa=\box50
\@tempa=\box51
\@tempa=\box52
\@tempa=\box53
\@tempa=\box54
\@tempa=\box55
\@tempa=\box56
\@tempa=\box57
\@tempa=\box58
\@tempa=\box59
\@tempa=\box60
\@tempa=\box61
\c@columnbadness=\count136
\c@finalcolumnbadness=\count137
\last@try=\dimen180
\multicolovershoot=\dimen181
\multicolundershoot=\dimen182
\mult@nat@firstbox=\box62
\colbreak@box=\box63
\multicol@sort@counter=\count138
)
(\\iastate.edu\cyfiles\stanfill\.AppData\MiKTeX\2.9\tex\latex\natbib\natbib.sty
Package: natbib 2010/09/13 8.31b (PWD, AO)
\bibhang=\skip55
\bibsep=\skip56
LaTeX Info: Redefining \cite on input line 694.
\c@NAT@ctr=\count139
)
(\\iastate.edu\cyfiles\stanfill\Desktop\GitHub\CoDARotations\Stanfill_CoDA.aux)
LaTeX Font Info:    Checking defaults for OML/cmm/m/it on input line 55.
LaTeX Font Info:    ... okay on input line 55.
LaTeX Font Info:    Checking defaults for T1/cmr/m/n on input line 55.
LaTeX Font Info:    ... okay on input line 55.
LaTeX Font Info:    Checking defaults for OT1/cmr/m/n on input line 55.
LaTeX Font Info:    ... okay on input line 55.
LaTeX Font Info:    Checking defaults for OMS/cmsy/m/n on input line 55.
LaTeX Font Info:    ... okay on input line 55.
LaTeX Font Info:    Checking defaults for OMX/cmex/m/n on input line 55.
LaTeX Font Info:    ... okay on input line 55.
LaTeX Font Info:    Checking defaults for U/cmr/m/n on input line 55.
LaTeX Font Info:    ... okay on input line 55.

(\\iastate.edu\cyfiles\stanfill\.AppData\MiKTeX\2.9\tex\context\base\supp-pdf.m
kii
[Loading MPS to PDF converter (version 2006.09.02).]
\scratchcounter=\count140
\scratchdimen=\dimen183
\scratchbox=\box64
\nofMPsegments=\count141
\nofMParguments=\count142
\everyMPshowfont=\toks34
\MPscratchCnt=\count143
\MPscratchDim=\dimen184
\MPnumerator=\count144
\makeMPintoPDFobject=\count145
\everyMPtoPDFconversion=\toks35
)
Package caption Info: Begin \AtBeginDocument code.
Package caption Info: subfig package v1.3 is loaded.
Package caption Info: End \AtBeginDocument code.
 ABD: EveryShipout initializing macros
LaTeX Font Info:    Try loading font information for U+msa on input line 69.

("C:\Program Files\MiKTeX 2.9\tex\latex\amsfonts\umsa.fd"
File: umsa.fd 2009/06/22 v3.00 AMS symbols A
)
LaTeX Font Info:    Try loading font information for U+msb on input line 69.

("C:\Program Files\MiKTeX 2.9\tex\latex\amsfonts\umsb.fd"
File: umsb.fd 2009/06/22 v3.00 AMS symbols B
) [1
Non-PDF special ignored!

{C:/Users/stanfill/AppData/Local/MiKTeX/2.9/pdftex/config/pdftex.map}]
(\\iastate.edu\cyfiles\stanfill\Desktop\GitHub\CoDARotations\introductionV07.te
x [2] [3])
(\\iastate.edu\cyfiles\stanfill\Desktop\GitHub\CoDARotations\backgroundV07.tex
[4]
LaTeX Font Info:    Try loading font information for U+euf on input line 34.
 ("C:\Program Files\MiKTeX 2.9\tex\latex\amsfonts\ueuf.fd"
File: ueuf.fd 2009/06/22 v3.00 Euler Fraktur
) [5] [6]

LaTeX Warning: `!h' float specifier changed to `!ht'.

)
(\\iastate.edu\cyfiles\stanfill\Desktop\GitHub\CoDARotations\estimatorsV08.tex

LaTeX Warning: Reference `{d_E}' on page 7 undefined on input line 3.

[7] [8] [9] [10])
(\\iastate.edu\cyfiles\stanfill\Desktop\GitHub\CoDARotations\simulationV07.tex
Overfull \hbox (46.01332pt too wide) in paragraph at lines 29--45
 [] 
 []

[11] [12] <images/Var25DensityHaar.pdf, id=61, 361.35pt x 361.35pt>
File: images/Var25DensityHaar.pdf Graphic file (type pdf)

<use images/Var25DensityHaar.pdf>
Package pdftex.def Info: images/Var25DensityHaar.pdf used on input line 68.
(pdftex.def)             Requested size: 152.54994pt x 152.54892pt.

<images/Var5DensityHaar.pdf, id=62, 361.35pt x 361.35pt>
File: images/Var5DensityHaar.pdf Graphic file (type pdf)

<use images/Var5DensityHaar.pdf>
Package pdftex.def Info: images/Var5DensityHaar.pdf used on input line 71.
(pdftex.def)             Requested size: 152.54994pt x 152.54892pt.

<images/Var75DensityHaar.pdf, id=63, 361.35pt x 361.35pt>
File: images/Var75DensityHaar.pdf Graphic file (type pdf)

<use images/Var75DensityHaar.pdf>
Package pdftex.def Info: images/Var75DensityHaar.pdf used on input line 74.
(pdftex.def)             Requested size: 152.54994pt x 152.54892pt.
 [13 <//iastate.edu/cyfiles/stanfill/Desktop/GitHub/CoDARotations/images/Var25D
ensityHaar.pdf> <//iastate.edu/cyfiles/stanfill/Desktop/GitHub/CoDARotations/im
ages/Var5DensityHaar.pdf> <//iastate.edu/cyfiles/stanfill/Desktop/GitHub/CoDARo
tations/images/Var75DensityHaar.pdf>])
(\\iastate.edu\cyfiles\stanfill\Desktop\GitHub\CoDARotations\resultsV07.tex
Overfull \hbox (46.66193pt too wide) in paragraph at lines 9--10
\OT1/cmr/m/n/12 In the ap-pendix we show that for any two ro-ta-tions $\OML/cmm
/b/it/12 R[]$ \OT1/cmr/m/n/12 and $\OML/cmm/b/it/12 R[]$\OT1/cmr/m/n/12 , $[](\
OML/cmm/b/it/12 R[]\OML/cmm/m/it/12 ; \OML/cmm/b/it/12 R[]\OT1/cmr/m/n/12 ) = 2
[] [][[](\OML/cmm/b/it/12 R[]\OML/cmm/m/it/12 ; \OML/cmm/b/it/12 R[]\OT1/cmr/m/
n/12 )\OML/cmm/m/it/12 =\OT1/cmr/m/n/12 2]$.
 []

<images/N100AllNuBoxes.pdf, id=84, 650.43pt x 520.94624pt>
File: images/N100AllNuBoxes.pdf Graphic file (type pdf)

<use images/N100AllNuBoxes.pdf>
Package pdftex.def Info: images/N100AllNuBoxes.pdf used on input line 14.
(pdftex.def)             Requested size: 462.26999pt x 370.25598pt.


LaTeX Warning: `!h' float specifier changed to `!ht'.

[14] [15 <//iastate.edu/cyfiles/stanfill/Desktop/GitHub/CoDARotations/images/N1
00AllNuBoxes.pdf>] <images/Nu75AllNBoxes.pdf, id=99, 650.43pt x 520.94624pt>
File: images/Nu75AllNBoxes.pdf Graphic file (type pdf)

<use images/Nu75AllNBoxes.pdf>
Package pdftex.def Info: images/Nu75AllNBoxes.pdf used on input line 40.
(pdftex.def)             Requested size: 462.26999pt x 370.25598pt.
 [16 <//iastate.edu/cyfiles/stanfill/Desktop/GitHub/CoDARotations/images/Nu75Al
lNBoxes.pdf>]
<images/Var75DensityBox.pdf, id=111, 361.35pt x 361.35pt>
File: images/Var75DensityBox.pdf Graphic file (type pdf)

<use images/Var75DensityBox.pdf>
Package pdftex.def Info: images/Var75DensityBox.pdf used on input line 70.
(pdftex.def)             Requested size: 208.02008pt x 208.02275pt.

<images/Var75DensityZoom.pdf, id=112, 361.35pt x 361.35pt>
File: images/Var75DensityZoom.pdf Graphic file (type pdf)

<use images/Var75DensityZoom.pdf>
Package pdftex.def Info: images/Var75DensityZoom.pdf used on input line 71.
(pdftex.def)             Requested size: 208.02008pt x 208.02275pt.


LaTeX Warning: `!h' float specifier changed to `!ht'.

<images/Nu75N300TailBehavior.pdf, id=113, 578.16pt x 289.08pt>
File: images/Nu75N300TailBehavior.pdf Graphic file (type pdf)

<use images/Nu75N300TailBehavior.pdf>
Package pdftex.def Info: images/Nu75N300TailBehavior.pdf used on input line 80.

(pdftex.def)             Requested size: 369.8174pt x 184.9091pt.
 [17]
<images/SMvsSL1Nu25.pdf, id=117, 578.16pt x 289.08pt>
File: images/SMvsSL1Nu25.pdf Graphic file (type pdf)

<use images/SMvsSL1Nu25.pdf>
Package pdftex.def Info: images/SMvsSL1Nu25.pdf used on input line 88.
(pdftex.def)             Requested size: 462.26999pt x 231.13197pt.

<images/SMvsSL1Nu75.pdf, id=118, 578.16pt x 289.08pt>
File: images/SMvsSL1Nu75.pdf Graphic file (type pdf)

<use images/SMvsSL1Nu75.pdf>
Package pdftex.def Info: images/SMvsSL1Nu75.pdf used on input line 89.
(pdftex.def)             Requested size: 462.26999pt x 231.13197pt.


LaTeX Warning: `h' float specifier changed to `ht'.

[18 <//iastate.edu/cyfiles/stanfill/Desktop/GitHub/CoDARotations/images/Var75De
nsityBox.pdf> <//iastate.edu/cyfiles/stanfill/Desktop/GitHub/CoDARotations/imag
es/Var75DensityZoom.pdf> <//iastate.edu/cyfiles/stanfill/Desktop/GitHub/CoDARot
ations/images/Nu75N300TailBehavior.pdf>] [19]
<images/SPvsSL2Nu25.pdf, id=149, 578.16pt x 289.08pt>
File: images/SPvsSL2Nu25.pdf Graphic file (type pdf)

<use images/SPvsSL2Nu25.pdf>
Package pdftex.def Info: images/SPvsSL2Nu25.pdf used on input line 131.
(pdftex.def)             Requested size: 462.26999pt x 231.13197pt.

<images/SPvsSL2Nu75.pdf, id=150, 578.16pt x 289.08pt>
File: images/SPvsSL2Nu75.pdf Graphic file (type pdf)

<use images/SPvsSL2Nu75.pdf>
Package pdftex.def Info: images/SPvsSL2Nu75.pdf used on input line 132.
(pdftex.def)             Requested size: 462.26999pt x 231.13197pt.


LaTeX Warning: `h' float specifier changed to `ht'.


Underfull \hbox (badness 10000) in paragraph at lines 170--171

 []

LaTeX Font Info:    Try loading font information for OMS+cmr on input line 174.

("C:\Program Files\MiKTeX 2.9\tex\latex\base\omscmr.fd"
File: omscmr.fd 1999/05/25 v2.5h Standard LaTeX font definitions
)
LaTeX Font Info:    Font shape `OMS/cmr/m/n' in size <12> not available
(Font)              Font shape `OMS/cmsy/m/n' tried instead on input line 174.
 [20])
(\\iastate.edu\cyfiles\stanfill\Desktop\GitHub\CoDARotations\dataV03.tex
<images/eyeball-7-1.pdf, id=154, 361.35pt x 361.35pt>
File: images/eyeball-7-1.pdf Graphic file (type pdf)

<use images/eyeball-7-1.pdf>
Package pdftex.def Info: images/eyeball-7-1.pdf used on input line 26.
(pdftex.def)             Requested size: 150.23633pt x 150.23314pt.

<images/eyeball-7-2.pdf, id=155, 361.35pt x 361.35pt>
File: images/eyeball-7-2.pdf Graphic file (type pdf)

<use images/eyeball-7-2.pdf>
Package pdftex.def Info: images/eyeball-7-2.pdf used on input line 27.
(pdftex.def)             Requested size: 150.23633pt x 150.23314pt.

<images/eyeball-7-3.pdf, id=156, 361.35pt x 361.35pt>
File: images/eyeball-7-3.pdf Graphic file (type pdf)

<use images/eyeball-7-3.pdf>
Package pdftex.def Info: images/eyeball-7-3.pdf used on input line 28.
(pdftex.def)             Requested size: 150.23633pt x 150.23314pt.

<images/histogram-7.pdf, id=157, 578.16pt x 216.81pt>
File: images/histogram-7.pdf Graphic file (type pdf)

<use images/histogram-7.pdf>
Package pdftex.def Info: images/histogram-7.pdf used on input line 39.
(pdftex.def)             Requested size: 462.26999pt x 173.34898pt.
)
(\\iastate.edu\cyfiles\stanfill\Desktop\GitHub\CoDARotations\DiscussionV04.tex
[21]
Underfull \hbox (badness 10000) in paragraph at lines 8--9

 []

[22]) [23] [24 <//iastate.edu/cyfiles/stanfill/Desktop/GitHub/CoDARotations/ima
ges/SMvsSL1Nu25.pdf> <//iastate.edu/cyfiles/stanfill/Desktop/GitHub/CoDARotatio
ns/images/SMvsSL1Nu75.pdf>] [25 <//iastate.edu/cyfiles/stanfill/Desktop/GitHub/
CoDARotations/images/SPvsSL2Nu25.pdf> <//iastate.edu/cyfiles/stanfill/Desktop/G
itHub/CoDARotations/images/SPvsSL2Nu75.pdf>] [26 <//iastate.edu/cyfiles/stanfil
l/Desktop/GitHub/CoDARotations/images/eyeball-7-1.pdf> <//iastate.edu/cyfiles/s
tanfill/Desktop/GitHub/CoDARotations/images/eyeball-7-2.pdf> <//iastate.edu/cyf
iles/stanfill/Desktop/GitHub/CoDARotations/images/eyeball-7-3.pdf> <//iastate.e
du/cyfiles/stanfill/Desktop/GitHub/CoDARotations/images/histogram-7.pdf>]
(\\iastate.edu\cyfiles\stanfill\Desktop\GitHub\CoDARotations\Stanfill_CoDA.bbl
[27

] [28] [29]) [30]
(\\iastate.edu\cyfiles\stanfill\Desktop\GitHub\CoDARotations\appendixV03.tex
[31

]
Underfull \hbox (badness 10000) in paragraph at lines 40--41

 []

[32] [33]) [34]
(\\iastate.edu\cyfiles\stanfill\Desktop\GitHub\CoDARotations\Stanfill_CoDA.aux)

LaTeX Warning: There were undefined references.

 ) 
Here is how much of TeX's memory you used:
 12754 strings out of 494045
 235639 string characters out of 3148360
 279235 words of memory out of 3000000
 15731 multiletter control sequences out of 15000+200000
 24001 words of font info for 89 fonts, out of 3000000 for 9000
 715 hyphenation exceptions out of 8191
 56i,13n,55p,2060b,697s stack positions out of 5000i,500n,10000p,200000b,50000s
<C:/Program Files/MiKTeX 2.9/fonts/type1/public/amsfonts/cm/cmbx10.pfb><C:/Pr
ogram Files/MiKTeX 2.9/fonts/type1/public/amsfonts/cm/cmbx12.pfb><C:/Program Fi
les/MiKTeX 2.9/fonts/type1/public/amsfonts/cm/cmbx8.pfb><C:/Program Files/MiKTe
X 2.9/fonts/type1/public/amsfonts/cm/cmex10.pfb><C:/Program Files/MiKTeX 2.9/fo
nts/type1/public/amsfonts/cm/cmmi10.pfb><C:/Program Files/MiKTeX 2.9/fonts/type
1/public/amsfonts/cm/cmmi12.pfb><C:/Program Files/MiKTeX 2.9/fonts/type1/public
/amsfonts/cm/cmmi8.pfb><C:/Program Files/MiKTeX 2.9/fonts/type1/public/amsfonts
/cm/cmmib10.pfb><C:/Program Files/MiKTeX 2.9/fonts/type1/public/amsfonts/cmextr
a/cmmib8.pfb><C:/Program Files/MiKTeX 2.9/fonts/type1/public/amsfonts/cm/cmr10.
pfb><C:/Program Files/MiKTeX 2.9/fonts/type1/public/amsfonts/cm/cmr12.pfb><C:/P
rogram Files/MiKTeX 2.9/fonts/type1/public/amsfonts/cm/cmr6.pfb><C:/Program Fil
es/MiKTeX 2.9/fonts/type1/public/amsfonts/cm/cmr8.pfb><C:/Program Files/MiKTeX 
2.9/fonts/type1/public/amsfonts/cm/cmsy10.pfb><C:/Program Files/MiKTeX 2.9/font
s/type1/public/amsfonts/cm/cmsy7.pfb><C:/Program Files/MiKTeX 2.9/fonts/type1/p
ublic/amsfonts/cm/cmsy8.pfb><C:/Program Files/MiKTeX 2.9/fonts/type1/public/ams
fonts/cm/cmti10.pfb><C:/Program Files/MiKTeX 2.9/fonts/type1/public/amsfonts/cm
/cmti12.pfb><C:/Program Files/MiKTeX 2.9/fonts/type1/public/amsfonts/euler/eufm
10.pfb><C:/Program Files/MiKTeX 2.9/fonts/type1/public/amsfonts/symbols/msam10.
pfb><C:/Program Files/MiKTeX 2.9/fonts/type1/public/amsfonts/symbols/msbm10.pfb
>
Output written on Stanfill_CoDA.pdf (34 pages, 1023835 bytes).
PDF statistics:
 325 PDF objects out of 1000 (max. 8388607)
 0 named destinations out of 1000 (max. 500000)
 93 words of extra memory for PDF output out of 10000 (max. 10000000)

